<?xml version="1.0" encoding="UTF-8"?>
<testsuite xmlns:xsi="http://www.w3.org/2001/XMLSchema-instance" xsi:noNamespaceSchemaLocation="https://maven.apache.org/surefire/maven-surefire-plugin/xsd/surefire-test-report-3.0.xsd" version="3.0" name="TestSuite" time="177.286" tests="8" errors="0" skipped="0" failures="0">
  <properties>
    <property name="sun.desktop" value="windows"/>
    <property name="awt.toolkit" value="sun.awt.windows.WToolkit"/>
    <property name="java.specification.version" value="11"/>
    <property name="webdriver.chrome.driver" value="C://Users//befor//New folder//chromedriver.exe"/>
    <property name="sun.cpu.isalist" value="amd64"/>
    <property name="sun.jnu.encoding" value="Cp1252"/>
    <property name="java.class.path" value="C:\Users\befor\eclipse-workspace\udemyFrame\target\test-classes;C:\Users\befor\eclipse-workspace\udemyFrame\target\classes;C:\Users\befor\.m2\repository\org\seleniumhq\selenium\selenium-java\3.141.59\selenium-java-3.141.59.jar;C:\Users\befor\.m2\repository\org\seleniumhq\selenium\selenium-api\3.141.59\selenium-api-3.141.59.jar;C:\Users\befor\.m2\repository\org\seleniumhq\selenium\selenium-chrome-driver\3.141.59\selenium-chrome-driver-3.141.59.jar;C:\Users\befor\.m2\repository\org\seleniumhq\selenium\selenium-edge-driver\3.141.59\selenium-edge-driver-3.141.59.jar;C:\Users\befor\.m2\repository\org\seleniumhq\selenium\selenium-firefox-driver\3.141.59\selenium-firefox-driver-3.141.59.jar;C:\Users\befor\.m2\repository\org\seleniumhq\selenium\selenium-ie-driver\3.141.59\selenium-ie-driver-3.141.59.jar;C:\Users\befor\.m2\repository\org\seleniumhq\selenium\selenium-opera-driver\3.141.59\selenium-opera-driver-3.141.59.jar;C:\Users\befor\.m2\repository\org\seleniumhq\selenium\selenium-remote-driver\3.141.59\selenium-remote-driver-3.141.59.jar;C:\Users\befor\.m2\repository\org\seleniumhq\selenium\selenium-safari-driver\3.141.59\selenium-safari-driver-3.141.59.jar;C:\Users\befor\.m2\repository\org\seleniumhq\selenium\selenium-support\3.141.59\selenium-support-3.141.59.jar;C:\Users\befor\.m2\repository\net\bytebuddy\byte-buddy\1.8.15\byte-buddy-1.8.15.jar;C:\Users\befor\.m2\repository\org\apache\commons\commons-exec\1.3\commons-exec-1.3.jar;C:\Users\befor\.m2\repository\com\google\guava\guava\25.0-jre\guava-25.0-jre.jar;C:\Users\befor\.m2\repository\com\google\code\findbugs\jsr305\1.3.9\jsr305-1.3.9.jar;C:\Users\befor\.m2\repository\org\checkerframework\checker-compat-qual\2.0.0\checker-compat-qual-2.0.0.jar;C:\Users\befor\.m2\repository\com\google\errorprone\error_prone_annotations\2.1.3\error_prone_annotations-2.1.3.jar;C:\Users\befor\.m2\repository\com\google\j2objc\j2objc-annotations\1.1\j2objc-annotations-1.1.jar;C:\Users\befor\.m2\repository\org\codehaus\mojo\animal-sniffer-annotations\1.14\animal-sniffer-annotations-1.14.jar;C:\Users\befor\.m2\repository\com\squareup\okhttp3\okhttp\3.11.0\okhttp-3.11.0.jar;C:\Users\befor\.m2\repository\com\squareup\okio\okio\1.14.0\okio-1.14.0.jar;C:\Users\befor\.m2\repository\org\testng\testng\7.1.0\testng-7.1.0.jar;C:\Users\befor\.m2\repository\com\beust\jcommander\1.72\jcommander-1.72.jar;C:\Users\befor\.m2\repository\com\google\inject\guice\4.1.0\guice-4.1.0-no_aop.jar;C:\Users\befor\.m2\repository\javax\inject\javax.inject\1\javax.inject-1.jar;C:\Users\befor\.m2\repository\aopalliance\aopalliance\1.0\aopalliance-1.0.jar;C:\Users\befor\.m2\repository\org\yaml\snakeyaml\1.21\snakeyaml-1.21.jar;C:\Users\befor\.m2\repository\commons-io\commons-io\2.6\commons-io-2.6.jar;C:\Users\befor\.m2\repository\com\aventstack\extentreports\5.0.8\extentreports-5.0.8.jar;C:\Users\befor\.m2\repository\io\reactivex\rxjava3\rxjava\3.0.4\rxjava-3.0.4.jar;C:\Users\befor\.m2\repository\org\reactivestreams\reactive-streams\1.0.3\reactive-streams-1.0.3.jar;C:\Users\befor\.m2\repository\org\freemarker\freemarker\2.3.30\freemarker-2.3.30.jar;C:\Users\befor\.m2\repository\org\projectlombok\lombok\1.18.12\lombok-1.18.12.jar;C:\Users\befor\.m2\repository\com\google\code\gson\gson\2.8.6\gson-2.8.6.jar;"/>
    <property name="java.vm.vendor" value="Oracle Corporation"/>
    <property name="sun.arch.data.model" value="64"/>
    <property name="user.variant" value=""/>
    <property name="java.vendor.url" value="https://openjdk.java.net/"/>
    <property name="user.timezone" value="Asia/Calcutta"/>
    <property name="java.vm.specification.version" value="11"/>
    <property name="os.name" value="Windows 10"/>
    <property name="sun.java.launcher" value="SUN_STANDARD"/>
    <property name="user.country" value="IN"/>
    <property name="sun.boot.library.path" value="C:\Program Files\Java\jdk-11.0.12\bin"/>
    <property name="sun.java.command" value="C:\Users\befor\AppData\Local\Temp\surefire17958817828643211018\surefirebooter13263272343346993503.jar C:\Users\befor\AppData\Local\Temp\surefire17958817828643211018 2022-02-09T21-35-27_899-jvmRun1 surefire17037058288365760108tmp surefire_017717618991094394003tmp"/>
    <property name="jdk.debug" value="release"/>
    <property name="surefire.test.class.path" value="C:\Users\befor\eclipse-workspace\udemyFrame\target\test-classes;C:\Users\befor\eclipse-workspace\udemyFrame\target\classes;C:\Users\befor\.m2\repository\org\seleniumhq\selenium\selenium-java\3.141.59\selenium-java-3.141.59.jar;C:\Users\befor\.m2\repository\org\seleniumhq\selenium\selenium-api\3.141.59\selenium-api-3.141.59.jar;C:\Users\befor\.m2\repository\org\seleniumhq\selenium\selenium-chrome-driver\3.141.59\selenium-chrome-driver-3.141.59.jar;C:\Users\befor\.m2\repository\org\seleniumhq\selenium\selenium-edge-driver\3.141.59\selenium-edge-driver-3.141.59.jar;C:\Users\befor\.m2\repository\org\seleniumhq\selenium\selenium-firefox-driver\3.141.59\selenium-firefox-driver-3.141.59.jar;C:\Users\befor\.m2\repository\org\seleniumhq\selenium\selenium-ie-driver\3.141.59\selenium-ie-driver-3.141.59.jar;C:\Users\befor\.m2\repository\org\seleniumhq\selenium\selenium-opera-driver\3.141.59\selenium-opera-driver-3.141.59.jar;C:\Users\befor\.m2\repository\org\seleniumhq\selenium\selenium-remote-driver\3.141.59\selenium-remote-driver-3.141.59.jar;C:\Users\befor\.m2\repository\org\seleniumhq\selenium\selenium-safari-driver\3.141.59\selenium-safari-driver-3.141.59.jar;C:\Users\befor\.m2\repository\org\seleniumhq\selenium\selenium-support\3.141.59\selenium-support-3.141.59.jar;C:\Users\befor\.m2\repository\net\bytebuddy\byte-buddy\1.8.15\byte-buddy-1.8.15.jar;C:\Users\befor\.m2\repository\org\apache\commons\commons-exec\1.3\commons-exec-1.3.jar;C:\Users\befor\.m2\repository\com\google\guava\guava\25.0-jre\guava-25.0-jre.jar;C:\Users\befor\.m2\repository\com\google\code\findbugs\jsr305\1.3.9\jsr305-1.3.9.jar;C:\Users\befor\.m2\repository\org\checkerframework\checker-compat-qual\2.0.0\checker-compat-qual-2.0.0.jar;C:\Users\befor\.m2\repository\com\google\errorprone\error_prone_annotations\2.1.3\error_prone_annotations-2.1.3.jar;C:\Users\befor\.m2\repository\com\google\j2objc\j2objc-annotations\1.1\j2objc-annotations-1.1.jar;C:\Users\befor\.m2\repository\org\codehaus\mojo\animal-sniffer-annotations\1.14\animal-sniffer-annotations-1.14.jar;C:\Users\befor\.m2\repository\com\squareup\okhttp3\okhttp\3.11.0\okhttp-3.11.0.jar;C:\Users\befor\.m2\repository\com\squareup\okio\okio\1.14.0\okio-1.14.0.jar;C:\Users\befor\.m2\repository\org\testng\testng\7.1.0\testng-7.1.0.jar;C:\Users\befor\.m2\repository\com\beust\jcommander\1.72\jcommander-1.72.jar;C:\Users\befor\.m2\repository\com\google\inject\guice\4.1.0\guice-4.1.0-no_aop.jar;C:\Users\befor\.m2\repository\javax\inject\javax.inject\1\javax.inject-1.jar;C:\Users\befor\.m2\repository\aopalliance\aopalliance\1.0\aopalliance-1.0.jar;C:\Users\befor\.m2\repository\org\yaml\snakeyaml\1.21\snakeyaml-1.21.jar;C:\Users\befor\.m2\repository\commons-io\commons-io\2.6\commons-io-2.6.jar;C:\Users\befor\.m2\repository\com\aventstack\extentreports\5.0.8\extentreports-5.0.8.jar;C:\Users\befor\.m2\repository\io\reactivex\rxjava3\rxjava\3.0.4\rxjava-3.0.4.jar;C:\Users\befor\.m2\repository\org\reactivestreams\reactive-streams\1.0.3\reactive-streams-1.0.3.jar;C:\Users\befor\.m2\repository\org\freemarker\freemarker\2.3.30\freemarker-2.3.30.jar;C:\Users\befor\.m2\repository\org\projectlombok\lombok\1.18.12\lombok-1.18.12.jar;C:\Users\befor\.m2\repository\com\google\code\gson\gson\2.8.6\gson-2.8.6.jar;"/>
    <property name="sun.cpu.endian" value="little"/>
    <property name="user.home" value="C:\Users\befor"/>
    <property name="user.language" value="en"/>
    <property name="java.specification.vendor" value="Oracle Corporation"/>
    <property name="java.version.date" value="2021-07-20"/>
    <property name="java.home" value="C:\Program Files\Java\jdk-11.0.12"/>
    <property name="file.separator" value="\"/>
    <property name="basedir" value="C:\Users\befor\eclipse-workspace\udemyFrame"/>
    <property name="java.vm.compressedOopsMode" value="32-bit"/>
    <property name="line.separator" value="&#10;"/>
    <property name="java.specification.name" value="Java Platform API Specification"/>
    <property name="java.vm.specification.vendor" value="Oracle Corporation"/>
    <property name="java.awt.graphicsenv" value="sun.awt.Win32GraphicsEnvironment"/>
    <property name="surefire.real.class.path" value="C:\Users\befor\AppData\Local\Temp\surefire17958817828643211018\surefirebooter13263272343346993503.jar"/>
    <property name="user.script" value=""/>
    <property name="sun.management.compiler" value="HotSpot 64-Bit Tiered Compilers"/>
    <property name="java.runtime.version" value="11.0.12+8-LTS-237"/>
    <property name="user.name" value="befor"/>
    <property name="path.separator" value=";"/>
    <property name="os.version" value="10.0"/>
    <property name="java.runtime.name" value="Java(TM) SE Runtime Environment"/>
    <property name="file.encoding" value="Cp1252"/>
    <property name="java.vm.name" value="Java HotSpot(TM) 64-Bit Server VM"/>
    <property name="java.vendor.version" value="18.9"/>
    <property name="localRepository" value="C:\Users\befor\.m2\repository"/>
    <property name="java.vendor.url.bug" value="https://bugreport.java.com/bugreport/"/>
    <property name="java.io.tmpdir" value="C:\Users\befor\AppData\Local\Temp\"/>
    <property name="java.version" value="11.0.12"/>
    <property name="user.dir" value="C:\Users\befor\eclipse-workspace\udemyFrame"/>
    <property name="os.arch" value="amd64"/>
    <property name="java.vm.specification.name" value="Java Virtual Machine Specification"/>
    <property name="java.awt.printerjob" value="sun.awt.windows.WPrinterJob"/>
    <property name="sun.os.patch.level" value=""/>
    <property name="java.library.path" value="C:\Program Files\Java\jdk-11.0.12\bin;C:\windows\Sun\Java\bin;C:\windows\system32;C:\windows;C:\Program Files\Common Files\Oracle\Java\javapath;C:\windows\system32;C:\windows;C:\windows\System32\Wbem;C:\windows\System32\WindowsPowerShell\v1.0\;C:\windows\System32\OpenSSH\;C:\Users\befor\New folder\apache-maven-3.8.4\bin;C:\Program Files\Java\jdk-11.0.12\bin;C:\Program Files\nodejs\;C:\Program Files\Git\cmd;C:\Users\befor\AppData\Local\Microsoft\WindowsApps;C:\Users\befor\AppData\Roaming\npm;."/>
    <property name="java.vendor" value="Oracle Corporation"/>
    <property name="java.vm.info" value="mixed mode"/>
    <property name="java.vm.version" value="11.0.12+8-LTS-237"/>
    <property name="sun.io.unicode.encoding" value="UnicodeLittle"/>
    <property name="java.class.version" value="55.0"/>
  </properties>
  <testcase name="homepage" classname="TestFramework.udemyFrame.textFieldValidate" time="0.028">
    <system-out><![CDATA[chrome
Automation Practice | Ultimate QA
]]></system-out>
    <system-err><![CDATA[Starting ChromeDriver 97.0.4692.71 (adefa7837d02a07a604c1e6eff0b3a09422ab88d-refs/branch-heads/4692@{#1247}) on port 28766
Only local connections are allowed.
Please see https://chromedriver.chromium.org/security-considerations for suggestions on keeping ChromeDriver safe.
ChromeDriver was started successfully.
Feb 09, 2022 9:35:31 PM org.openqa.selenium.remote.ProtocolHandshake createSession
INFO: Detected dialect: W3C
]]></system-err>
  </testcase>
  <testcase name="homepage1" classname="TestFramework.udemyFrame.textFieldValidate" time="0.03"/>
  <testcase name="subscribe" classname="TestFramework.udemyFrame.textFieldValidate" time="0.027"/>
  <testcase name="homepage" classname="TestFramework.udemyFrame.headerValidate" time="0.065">
    <system-out><![CDATA[chrome
Automation Practice | Ultimate QA
]]></system-out>
    <system-err><![CDATA[Starting ChromeDriver 97.0.4692.71 (adefa7837d02a07a604c1e6eff0b3a09422ab88d-refs/branch-heads/4692@{#1247}) on port 33432
Only local connections are allowed.
Please see https://chromedriver.chromium.org/security-considerations for suggestions on keeping ChromeDriver safe.
ChromeDriver was started successfully.
Feb 09, 2022 9:35:40 PM org.openqa.selenium.remote.ProtocolHandshake createSession
INFO: Detected dialect: W3C
]]></system-err>
  </testcase>
  <testcase name="homepage1" classname="TestFramework.udemyFrame.headerValidate" time="0.047"/>
  <testcase name="homepage[abcd@gmai.com, Pass@123, Registered User](1)" classname="TestFramework.udemyFrame.basepageNavigation" time="42.607">
    <system-out><![CDATA[chrome
Automation Practice | Ultimate QA
Registered User
]]></system-out>
    <system-err><![CDATA[Starting ChromeDriver 97.0.4692.71 (adefa7837d02a07a604c1e6eff0b3a09422ab88d-refs/branch-heads/4692@{#1247}) on port 41153
Only local connections are allowed.
Please see https://chromedriver.chromium.org/security-considerations for suggestions on keeping ChromeDriver safe.
ChromeDriver was started successfully.
Feb 09, 2022 9:35:49 PM org.openqa.selenium.remote.ProtocolHandshake createSession
INFO: Detected dialect: W3C
]]></system-err>
  </testcase>
  <testcase name="homepage[abc@gmail.com, Password@123, DOnt have an account register](2)" classname="TestFramework.udemyFrame.basepageNavigation" time="38.921">
    <system-out><![CDATA[chrome
Automation Practice | Ultimate QA
DOnt have an account register
]]></system-out>
    <system-err><![CDATA[Starting ChromeDriver 97.0.4692.71 (adefa7837d02a07a604c1e6eff0b3a09422ab88d-refs/branch-heads/4692@{#1247}) on port 41436
Only local connections are allowed.
Please see https://chromedriver.chromium.org/security-considerations for suggestions on keeping ChromeDriver safe.
ChromeDriver was started successfully.
Feb 09, 2022 9:36:31 PM org.openqa.selenium.remote.ProtocolHandshake createSession
INFO: Detected dialect: W3C
]]></system-err>
  </testcase>
  <testcase name="checkBrokenLinks" classname="TestFramework.udemyFrame.brokenLinks" time="68.876">
    <system-out><![CDATA[chrome
https://courses.ultimateqa.com/collections is a valid link
https://ultimateqa.com/selenium-webdriver-java-course/ is a valid link
https://courses.ultimateqa.com/courses/selenium-with-c is a valid link
https://ultimateqa.com/best-selenium-webdriver-resources/ is a valid link
https://ultimateqa.com/automation/ is a valid link
https://ultimateqa.com/consulting/ is a valid link
https://ultimateqa.com/blog/ is a valid link
https://ultimateqa.com/complicated-page is a valid link
https://ultimateqa.com/fake-landing-page is a valid link
https://ultimateqa.com/fake-pricing-page is a valid link
https://ultimateqa.com/filling-out-forms/ is a valid link
https://ultimateqa.com/sample-application-lifecycle-sprint-1/ is a valid link
http://courses.ultimateqa.com/users/sign_in is a valid link
https://ultimateqa.com/simple-html-elements-for-automation/ is a valid link
https://twitter.com/intent/tweet?text=Automation+Practice&url=https%3A%2F%2Fultimateqa.com%2Fautomation%2F%3Futm_source%3Dtwitter%26utm_medium%3DSocial%26utm_campaign%3DSocialWarfare&via=Nikolay_a00 is a valid link
https://www.facebook.com/share.php?u=https%3A%2F%2Fultimateqa.com%2Fautomation%2F%3Futm_source%3Dfacebook%26utm_medium%3DSocial%26utm_campaign%3DSocialWarfare is a valid link
https://www.linkedin.com/cws/share?url=https%3A%2F%2Fultimateqa.com%2Fautomation%2F%3Futm_source%3Dlinkedin%26utm_medium%3DSocial%26utm_campaign%3DSocialWarfare is a valid link
https://ultimateqa.com/about/ is a valid link
https://ultimateqa.com/affiliate/ is a valid link
https://ultimateqa.com/consulting/ is a valid link
http://courses.ultimateqa.com/pages/terms is a valid link
http://courses.ultimateqa.com/pages/privacy is a valid link
https://www.youtube.com/channel/UCVZXj9vKyZ6L2OakzRH2aOQ?sub_confirmation=1 is a valid link
https://www.facebook.com/Ultimateqa1/ is a valid link
https://ultimateqa.com/contact/ is a valid link
https://twitter.com/intent/tweet?text=Automation+Practice&url=https%3A%2F%2Fultimateqa.com%2Fautomation%2F%3Futm_source%3Dtwitter%26utm_medium%3DSocial%26utm_campaign%3DSocialWarfare&via=Nikolay_a00 is a valid link
https://www.facebook.com/share.php?u=https%3A%2F%2Fultimateqa.com%2Fautomation%2F%3Futm_source%3Dfacebook%26utm_medium%3DSocial%26utm_campaign%3DSocialWarfare is a valid link
https://www.linkedin.com/cws/share?url=https%3A%2F%2Fultimateqa.com%2Fautomation%2F%3Futm_source%3Dlinkedin%26utm_medium%3DSocial%26utm_campaign%3DSocialWarfare is a valid link
]]></system-out>
    <system-err><![CDATA[Starting ChromeDriver 97.0.4692.71 (adefa7837d02a07a604c1e6eff0b3a09422ab88d-refs/branch-heads/4692@{#1247}) on port 30595
Only local connections are allowed.
Please see https://chromedriver.chromium.org/security-considerations for suggestions on keeping ChromeDriver safe.
ChromeDriver was started successfully.
Feb 09, 2022 9:37:10 PM org.openqa.selenium.remote.ProtocolHandshake createSession
INFO: Detected dialect: W3C
]]></system-err>
  </testcase>
</testsuite>