<?xml version="1.0" encoding="UTF-8"?>
<!-- Generated by org.testng.reporters.JUnitReportReporter -->
<testsuite hostname="FoxyOldSom" failures="0" tests="3" name="TestFramework.udemyFrame.textFieldValidate" time="0.225" errors="0" timestamp="2022-03-01T22:54:58 IST" skipped="0">
  <testcase classname="TestFramework.udemyFrame.textFieldValidate" name="homepage1" time="0.088"/>
  <system-out/>
  <testcase classname="TestFramework.udemyFrame.textFieldValidate" name="subscribe" time="0.045"/>
  <system-out/>
  <testcase classname="TestFramework.udemyFrame.textFieldValidate" name="homepage" time="0.092"/>
  <system-out/>
</testsuite> <!-- TestFramework.udemyFrame.textFieldValidate -->
