<?xml version="1.0" encoding="UTF-8"?>
<!-- Generated by org.testng.reporters.JUnitReportReporter -->
<testsuite hostname="FoxyOldSom" failures="0" tests="2" name="TestFramework.udemyFrame.headerValidate" time="0.178" errors="0" timestamp="2022-03-01T22:54:58 IST" skipped="0">
  <testcase classname="TestFramework.udemyFrame.headerValidate" name="homepage1" time="0.085"/>
  <system-out/>
  <testcase classname="TestFramework.udemyFrame.headerValidate" name="homepage" time="0.093"/>
  <system-out/>
</testsuite> <!-- TestFramework.udemyFrame.headerValidate -->
