<?xml version="1.0" encoding="UTF-8"?>
<!-- Generated by org.testng.reporters.JUnitReportReporter -->
<testsuite hostname="FoxyOldSom" failures="0" tests="2" name="TestFramework.udemyFrame.basepageNavigation" time="16.966" errors="0" timestamp="2022-03-01T22:54:58 IST" skipped="0">
  <testcase classname="TestFramework.udemyFrame.basepageNavigation" name="homepage" time="8.876"/>
  <system-out/>
  <testcase classname="TestFramework.udemyFrame.basepageNavigation" name="homepage" time="8.090"/>
  <system-out/>
</testsuite> <!-- TestFramework.udemyFrame.basepageNavigation -->
