<?xml version="1.0" encoding="UTF-8"?>
<!-- Generated by org.testng.reporters.JUnitReportReporter -->
<testsuite hostname="FoxyOldSom" failures="0" tests="1" name="TestFramework.udemyFrame.brokenLinks" time="14.886" errors="0" timestamp="2022-03-01T22:54:58 IST" skipped="0">
  <testcase classname="TestFramework.udemyFrame.brokenLinks" name="checkBrokenLinks" time="14.886"/>
  <system-out/>
</testsuite> <!-- TestFramework.udemyFrame.brokenLinks -->
