<?xml version="1.0" encoding="UTF-8"?>
<!-- Generated by org.testng.reporters.JUnitReportReporter -->
<testsuite hostname="FoxyOldSom" failures="0" tests="3" name="TestFramework.udemyFrame.textFieldValidate" time="0.115" errors="0" timestamp="2022-02-09T21:38:26 IST" skipped="0">
  <testcase classname="TestFramework.udemyFrame.textFieldValidate" name="homepage1" time="0.031"/>
  <system-out/>
  <testcase classname="TestFramework.udemyFrame.textFieldValidate" name="homepage" time="0.056"/>
  <system-out/>
  <testcase classname="TestFramework.udemyFrame.textFieldValidate" name="subscribe" time="0.028"/>
  <system-out/>
</testsuite> <!-- TestFramework.udemyFrame.textFieldValidate -->
