<?xml version="1.0" encoding="UTF-8"?>
<!-- Generated by org.testng.reporters.JUnitReportReporter -->
<testsuite hostname="FoxyOldSom" failures="0" tests="2" name="TestFramework.udemyFrame.basepageNavigation" time="81.497" errors="0" timestamp="2022-02-09T21:38:26 IST" skipped="0">
  <testcase classname="TestFramework.udemyFrame.basepageNavigation" name="homepage" time="38.916"/>
  <system-out/>
  <testcase classname="TestFramework.udemyFrame.basepageNavigation" name="homepage" time="42.581"/>
  <system-out/>
</testsuite> <!-- TestFramework.udemyFrame.basepageNavigation -->
