<?xml version="1.0" encoding="UTF-8"?>
<!-- Generated by org.testng.reporters.JUnitReportReporter -->
<testsuite hostname="FoxyOldSom" failures="0" tests="2" name="TestFramework.udemyFrame.headerValidate" time="0.147" errors="0" timestamp="2022-02-09T21:38:26 IST" skipped="0">
  <testcase classname="TestFramework.udemyFrame.headerValidate" name="homepage1" time="0.048"/>
  <system-out/>
  <testcase classname="TestFramework.udemyFrame.headerValidate" name="homepage" time="0.099"/>
  <system-out/>
</testsuite> <!-- TestFramework.udemyFrame.headerValidate -->
