<?xml version="1.0" encoding="UTF-8"?>
<!-- Generated by org.testng.reporters.JUnitReportReporter -->
<testsuite hostname="FoxyOldSom" failures="0" tests="1" name="TestFramework.udemyFrame.brokenLinks" time="68.847" errors="0" timestamp="2022-02-09T21:38:26 IST" skipped="0">
  <testcase classname="TestFramework.udemyFrame.brokenLinks" name="checkBrokenLinks" time="68.847"/>
  <system-out/>
</testsuite> <!-- TestFramework.udemyFrame.brokenLinks -->
